<?xml version="1.0" encoding="UTF-8"?>
<testng-results skipped="0" failed="1" total="2" passed="1">
  <reporter-output>
  </reporter-output>
  <suite name="Suite1" duration-ms="133246" started-at="2017-10-27T19:24:17Z" finished-at="2017-10-27T19:26:30Z">
    <groups>
    </groups>
    <test name="Regression1" duration-ms="133246" started-at="2017-10-27T19:24:17Z" finished-at="2017-10-27T19:26:30Z">
      <class name="com.appium.maas.tests.mail.MultiselectMails">
        <test-method status="PASS" signature="beforeClass()[pri:0, instance:com.appium.maas.tests.mail.MultiselectMails@1cd072a9]" name="beforeClass" is-config="true" duration-ms="91485" started-at="2017-10-28T00:52:45Z" finished-at="2017-10-28T00:54:17Z">
          <reporter-output>
          </reporter-output>
        </test-method> <!-- beforeClass -->
        <test-method status="FAIL" signature="multiselectCancel()[pri:0, instance:com.appium.maas.tests.mail.MultiselectMails@1cd072a9]" name="multiselectCancel" duration-ms="57661" started-at="2017-10-28T00:55:32Z" finished-at="2017-10-28T00:56:30Z">
          <exception class="java.lang.AssertionError">
            <message>
              <![CDATA[Compose button is not present on  inbox screen expected [true] but found [false]]]>
            </message>
            <full-stacktrace>
              <![CDATA[java.lang.AssertionError: Compose button is not present on  inbox screen expected [true] but found [false]
	at org.testng.Assert.fail(Assert.java:94)
	at org.testng.Assert.failNotEquals(Assert.java:494)
	at org.testng.Assert.assertTrue(Assert.java:42)
	at com.appium.maas.tests.mail.MultiselectMails.multiselectCancel(MultiselectMails.java:21)
	at sun.reflect.NativeMethodAccessorImpl.invoke0(Native Method)
	at sun.reflect.NativeMethodAccessorImpl.invoke(NativeMethodAccessorImpl.java:62)
	at sun.reflect.DelegatingMethodAccessorImpl.invoke(DelegatingMethodAccessorImpl.java:43)
	at java.lang.reflect.Method.invoke(Method.java:498)
	at org.testng.internal.MethodInvocationHelper.invokeMethod(MethodInvocationHelper.java:80)
	at org.testng.internal.Invoker.invokeMethod(Invoker.java:714)
	at org.testng.internal.Invoker.invokeTestMethod(Invoker.java:901)
	at org.testng.internal.Invoker.invokeTestMethods(Invoker.java:1231)
	at org.testng.internal.TestMethodWorker.invokeTestMethods(TestMethodWorker.java:127)
	at org.testng.internal.TestMethodWorker.run(TestMethodWorker.java:111)
	at org.testng.TestRunner.privateRun(TestRunner.java:767)
	at org.testng.TestRunner.run(TestRunner.java:617)
	at org.testng.SuiteRunner.runTest(SuiteRunner.java:334)
	at org.testng.SuiteRunner.runSequentially(SuiteRunner.java:329)
	at org.testng.SuiteRunner.privateRun(SuiteRunner.java:291)
	at org.testng.SuiteRunner.run(SuiteRunner.java:240)
	at org.testng.SuiteRunnerWorker.runSuite(SuiteRunnerWorker.java:52)
	at org.testng.SuiteRunnerWorker.run(SuiteRunnerWorker.java:86)
	at org.testng.TestNG.runSuitesSequentially(TestNG.java:1198)
	at org.testng.TestNG.runSuitesLocally(TestNG.java:1123)
	at org.testng.TestNG.run(TestNG.java:1031)
	at org.apache.maven.surefire.testng.TestNGExecutor.run(TestNGExecutor.java:295)
	at org.apache.maven.surefire.testng.TestNGXmlTestSuite.execute(TestNGXmlTestSuite.java:84)
	at org.apache.maven.surefire.testng.TestNGProvider.invoke(TestNGProvider.java:90)
	at org.apache.maven.surefire.booter.ForkedBooter.invokeProviderInSameClassLoader(ForkedBooter.java:203)
	at org.apache.maven.surefire.booter.ForkedBooter.runSuitesInProcess(ForkedBooter.java:155)
	at org.apache.maven.surefire.booter.ForkedBooter.main(ForkedBooter.java:103)
]]>
            </full-stacktrace>
          </exception> <!-- java.lang.AssertionError -->
          <reporter-output>
          </reporter-output>
        </test-method> <!-- multiselectCancel -->
      </class> <!-- com.appium.maas.tests.mail.MultiselectMails -->
      <class name="com.appium.maas.tests.mail.ComposeMail">
        <test-method status="PASS" signature="verifySendMail()[pri:0, instance:com.appium.maas.tests.mail.ComposeMail@7f63425a]" name="verifySendMail" duration-ms="75576" started-at="2017-10-28T00:54:17Z" finished-at="2017-10-28T00:55:32Z">
          <reporter-output>
          </reporter-output>
        </test-method> <!-- verifySendMail -->
      </class> <!-- com.appium.maas.tests.mail.ComposeMail -->
    </test> <!-- Regression1 -->
  </suite> <!-- Suite1 -->
</testng-results>
