<?xml version="1.0" encoding="UTF-8"?>
<testng-results skipped="2" failed="0" total="2" passed="0">
  <reporter-output>
  </reporter-output>
  <suite name="Suite1" duration-ms="14" started-at="2017-10-27T19:11:00Z" finished-at="2017-10-27T19:11:00Z">
    <groups>
    </groups>
    <test name="Regression1" duration-ms="14" started-at="2017-10-27T19:11:00Z" finished-at="2017-10-27T19:11:00Z">
      <class name="com.appium.maas.tests.mail.MultiselectMails">
        <test-method status="FAIL" signature="beforeClass()[pri:0, instance:com.appium.maas.tests.mail.MultiselectMails@cc285f4]" name="beforeClass" is-config="true" duration-ms="0" started-at="2017-10-28T00:39:39Z" finished-at="2017-10-28T00:39:39Z">
          <exception class="org.openqa.selenium.TimeoutException">
            <message>
              <![CDATA[Expected condition failed: waiting for com.appium.maas.common.Initialization$1@6bbe85a8 (tried for 30 second(s) with 5 SECONDS interval)]]>
            </message>
            <full-stacktrace>
              <![CDATA[org.openqa.selenium.TimeoutException: Expected condition failed: waiting for com.appium.maas.common.Initialization$1@6bbe85a8 (tried for 30 second(s) with 5 SECONDS interval)
	at org.openqa.selenium.support.ui.FluentWait.timeoutException(FluentWait.java:263)
	at org.openqa.selenium.support.ui.FluentWait.until(FluentWait.java:231)
	at com.appium.maas.common.Initialization.waitUntil(Initialization.java:100)
	at com.appium.maas.pageobjects.SecureMailLoginWelcomePage.<init>(SecureMailLoginWelcomePage.java:18)
	at com.appium.maas.pageobjects.LoginPage.clickOnSigninButton(LoginPage.java:13)
	at com.appium.maas.tests.mail.BaseLoginTest.beforeClass(BaseLoginTest.java:15)
	at sun.reflect.NativeMethodAccessorImpl.invoke0(Native Method)
	at sun.reflect.NativeMethodAccessorImpl.invoke(NativeMethodAccessorImpl.java:62)
	at sun.reflect.DelegatingMethodAccessorImpl.invoke(DelegatingMethodAccessorImpl.java:43)
	at java.lang.reflect.Method.invoke(Method.java:498)
	at org.testng.internal.MethodInvocationHelper.invokeMethod(MethodInvocationHelper.java:80)
	at org.testng.internal.Invoker.invokeConfigurationMethod(Invoker.java:564)
	at org.testng.internal.Invoker.invokeConfigurations(Invoker.java:213)
	at org.testng.internal.Invoker.invokeConfigurations(Invoker.java:138)
	at org.testng.SuiteRunner.privateRun(SuiteRunner.java:277)
	at org.testng.SuiteRunner.run(SuiteRunner.java:240)
	at org.testng.SuiteRunnerWorker.runSuite(SuiteRunnerWorker.java:52)
	at org.testng.SuiteRunnerWorker.run(SuiteRunnerWorker.java:86)
	at org.testng.TestNG.runSuitesSequentially(TestNG.java:1198)
	at org.testng.TestNG.runSuitesLocally(TestNG.java:1123)
	at org.testng.TestNG.run(TestNG.java:1031)
	at org.testng.remote.AbstractRemoteTestNG.run(AbstractRemoteTestNG.java:114)
	at org.testng.remote.RemoteTestNG.initAndRun(RemoteTestNG.java:251)
	at org.testng.remote.RemoteTestNG.main(RemoteTestNG.java:77)
Caused by: org.openqa.selenium.NoSuchElementException: An element could not be located on the page using the given search parameters. (WARNING: The server did not provide any stacktrace information)
Command duration or timeout: 0 milliseconds
For documentation on this error, please visit: http://seleniumhq.org/exceptions/no_such_element.html
Build info: version: '3.6.0', revision: '6fbf3ec767', time: '2017-09-27T15:28:36.4Z'
System info: host: 'Saritas-MacBook-Pro.local', ip: 'fe80:0:0:0:443:c538:8837:e3%en0', os.name: 'Mac OS X', os.arch: 'x86_64', os.version: '10.12.6', java.version: '1.8.0_91'
Driver info: io.appium.java_client.ios.IOSDriver
Capabilities [{networkConnectionEnabled=false, appiumVersion=1.7.1, bundleId=com.fiberlink.maas360.enterpriseappstore, databaseEnabled=false, deviceName=iPhone 6, platform=MAC, newCommandTimeout=90, platformVersion=11.0, webStorageEnabled=false, locationContextEnabled=false, browserName=, takesScreenshot=true, javascriptEnabled=true, deviceOrientation=portrait, AUTOMATION_NAME=XCUITest, udid=c51a0190f40c5fc58e6bd3e052e9a6985f53cb03, platformName=MAC}]
Session ID: 2c6a26f2-f029-435d-a6c1-a1434fdaeab6
*** Element info: {Using=name, value=Skip}
	at sun.reflect.NativeConstructorAccessorImpl.newInstance0(Native Method)
	at sun.reflect.NativeConstructorAccessorImpl.newInstance(NativeConstructorAccessorImpl.java:62)
	at sun.reflect.DelegatingConstructorAccessorImpl.newInstance(DelegatingConstructorAccessorImpl.java:45)
	at java.lang.reflect.Constructor.newInstance(Constructor.java:423)
	at org.openqa.selenium.remote.ErrorHandler.createThrowable(ErrorHandler.java:214)
	at org.openqa.selenium.remote.ErrorHandler.throwIfResponseFailed(ErrorHandler.java:166)
	at org.openqa.selenium.remote.http.JsonHttpResponseCodec.reconstructValue(JsonHttpResponseCodec.java:40)
	at org.openqa.selenium.remote.http.AbstractHttpResponseCodec.decode(AbstractHttpResponseCodec.java:82)
	at org.openqa.selenium.remote.http.AbstractHttpResponseCodec.decode(AbstractHttpResponseCodec.java:45)
	at org.openqa.selenium.remote.HttpCommandExecutor.execute(HttpCommandExecutor.java:164)
	at io.appium.java_client.remote.AppiumCommandExecutor.execute(AppiumCommandExecutor.java:89)
	at org.openqa.selenium.remote.RemoteWebDriver.execute(RemoteWebDriver.java:586)
	at io.appium.java_client.DefaultGenericMobileDriver.execute(DefaultGenericMobileDriver.java:42)
	at io.appium.java_client.AppiumDriver.execute(AppiumDriver.java:1)
	at io.appium.java_client.ios.IOSDriver.execute(IOSDriver.java:1)
	at org.openqa.selenium.remote.RemoteWebDriver.findElement(RemoteWebDriver.java:356)
	at io.appium.java_client.DefaultGenericMobileDriver.findElement(DefaultGenericMobileDriver.java:62)
	at io.appium.java_client.AppiumDriver.findElement(AppiumDriver.java:1)
	at io.appium.java_client.ios.IOSDriver.findElement(IOSDriver.java:1)
	at org.openqa.selenium.remote.RemoteWebDriver.findElementByName(RemoteWebDriver.java:434)
	at io.appium.java_client.DefaultGenericMobileDriver.findElementByName(DefaultGenericMobileDriver.java:110)
	at io.appium.java_client.AppiumDriver.findElementByName(AppiumDriver.java:1)
	at io.appium.java_client.ios.IOSDriver.findElementByName(IOSDriver.java:1)
	at org.openqa.selenium.By$ByName.findElement(By.java:303)
	at org.openqa.selenium.remote.RemoteWebDriver.findElement(RemoteWebDriver.java:348)
	at io.appium.java_client.DefaultGenericMobileDriver.findElement(DefaultGenericMobileDriver.java:58)
	at io.appium.java_client.AppiumDriver.findElement(AppiumDriver.java:1)
	at io.appium.java_client.ios.IOSDriver.findElement(IOSDriver.java:1)
	at com.appium.maas.common.Initialization$1.apply(Initialization.java:97)
	at com.appium.maas.common.Initialization$1.apply(Initialization.java:1)
	at org.openqa.selenium.support.ui.FluentWait.until(FluentWait.java:208)
	... 22 more
]]>
            </full-stacktrace>
          </exception> <!-- org.openqa.selenium.TimeoutException -->
          <reporter-output>
          </reporter-output>
        </test-method> <!-- beforeClass -->
        <test-method status="SKIP" signature="multiselectCancel()[pri:0, instance:com.appium.maas.tests.mail.MultiselectMails@cc285f4]" name="multiselectCancel" duration-ms="1" started-at="2017-10-28T00:41:00Z" finished-at="2017-10-28T00:41:00Z">
          <reporter-output>
          </reporter-output>
        </test-method> <!-- multiselectCancel -->
      </class> <!-- com.appium.maas.tests.mail.MultiselectMails -->
      <class name="com.appium.maas.tests.mail.ComposeMail">
        <test-method status="SKIP" signature="verifySendMail()[pri:0, instance:com.appium.maas.tests.mail.ComposeMail@3ffc5af1]" name="verifySendMail" duration-ms="2" started-at="2017-10-28T00:41:00Z" finished-at="2017-10-28T00:41:00Z">
          <reporter-output>
          </reporter-output>
        </test-method> <!-- verifySendMail -->
      </class> <!-- com.appium.maas.tests.mail.ComposeMail -->
    </test> <!-- Regression1 -->
  </suite> <!-- Suite1 -->
</testng-results>
